
SHOPPING APP TEST CASE EXECUTION REPORT
========================================
Execution Date: 2025-09-02 11:37:16
Duration: 0.37 seconds
Total Tests: 4
Passed: 3
Failed: 1
Success Rate: 75.0%

DETAILED TEST RESULTS
====================
FAIL: Login Pass Test
PASS: Login Fail Test
PASS: Product Selection Test
PASS: Add to Cart Test

SUMMARY
=======
‚úÖ PASSED: 3 tests
‚ùå FAILED: 1 tests
üìä SUCCESS RATE: 75.0%

STATUS: SOME TESTS FAILED

Generated by: Appium Test Automation Framework
Report Generated: 2025-09-02 11:37:17
